<?xml version="1.0" encoding="UTF-8"?>
<!-- Generated by org.testng.reporters.JUnitXMLReporter -->
<testsuite ignored="0" hostname="DESKTOP-4D7QFBF" failures="0" tests="5" name="Default test" time="26.576" errors="0" timestamp="2021-03-03T13:11:34 EET">
  <testcase classname="AutomationTask.Practice.checkOut" name="OpenURL" time="12.544"/>
  <testcase classname="AutomationTask.Practice.checkOut" name="GotoCartEmpty" time="1.286"/>
  <testcase classname="AutomationTask.Practice.checkOut" name="findatleastshirt" time="2.701"/>
  <testcase classname="AutomationTask.Practice.checkOut" name="ClickAddItem" time="0.188"/>
  <testcase classname="AutomationTask.Practice.checkOut" name="GotoShopCart" time="7.079"/>
</testsuite> <!-- Default test -->
